Build started 3/4/2014 3:07:13 PM.
     1>Project "C:\Users\jkillius.BLI\Documents\Visual Studio 2010\Projects\DiceRoller\DiceRoller\DiceRoller.vcxproj" on node 2 (build target(s)).
     1>InitializeBuildStatus:
         Touching "Debug\DiceRoller.unsuccessfulbuild".
       GenerateTargetFrameworkMonikerAttribute:
       Skipping target "GenerateTargetFrameworkMonikerAttribute" because all output files are up-to-date with respect to the input files.
       ClCompile:
         All outputs are up-to-date.
         C:\Program Files (x86)\Microsoft Visual Studio 10.0\VC\bin\CL.exe /c /AI"C:\Program Files (x86)\Reference Assemblies\Microsoft\Framework\.NETFramework\v4.0" /Zi /clr:pure /nologo /W3 /WX- /Od /Oy- /D WIN32 /D _DEBUG /D _UNICODE /D UNICODE /EHa /MDd /GS /fp:precise /Zc:wchar_t /Zc:forScope /Yu"StdAfx.h" /Fp"Debug\DiceRoller.pch" /Fo"Debug\\" /Fd"Debug\vc100.pdb" /TP /FU"C:\Program Files (x86)\Reference Assemblies\Microsoft\Framework\.NETFramework\v4.0\System.Core.dll" /FU"C:\Program Files (x86)\Reference Assemblies\Microsoft\Framework\.NETFramework\v4.0\System.Data.dll" /FU"C:\Program Files (x86)\Reference Assemblies\Microsoft\Framework\.NETFramework\v4.0\System.dll" /FU"C:\Program Files (x86)\Reference Assemblies\Microsoft\Framework\.NETFramework\v4.0\System.Drawing.dll" /FU"C:\Program Files (x86)\Reference Assemblies\Microsoft\Framework\.NETFramework\v4.0\System.Windows.Forms.dll" /FU"C:\Program Files (x86)\Reference Assemblies\Microsoft\Framework\.NETFramework\v4.0\System.Xml.dll" /analyze- /errorReport:prompt DiceRoller.cpp /clr:nostdlib 
         DiceRoller.cpp
     1>DiceRoller.cpp(6): error C2059: syntax error : 'namespace'
     1>DiceRoller.cpp(6): error C2238: unexpected token(s) preceding ';'
     1>DiceRoller.cpp(19): fatal error C1075: end of file found before the left brace '{' at 'c:\users\jkillius.bli\documents\visual studio 2010\projects\diceroller\diceroller\Form1.h(16)' was matched
     1>Done Building Project "C:\Users\jkillius.BLI\Documents\Visual Studio 2010\Projects\DiceRoller\DiceRoller\DiceRoller.vcxproj" (build target(s)) -- FAILED.

Build FAILED.

Time Elapsed 00:00:00.18
